  Button.cpp
C:\Users\ASC\Desktop\Alpha-Build (3)\Alpha-Build\GAME1007_W01_LabB\Button.h(3,10): fatal error C1083: Cannot open include file: 'SDL.h': No such file or directory
  Engine.cpp
C:\Users\ASC\Desktop\Alpha-Build (3)\Alpha-Build\GAME1007_W01_LabB\Engine.h(2,10): fatal error C1083: Cannot open include file: 'SDL.h': No such file or directory
  FSM.cpp
C:\Users\ASC\Desktop\Alpha-Build (3)\Alpha-Build\GAME1007_W01_LabB\FSM.h(3,10): fatal error C1083: Cannot open include file: 'SDL.h': No such file or directory
  Gun.cpp
C:\Users\ASC\Desktop\Alpha-Build (3)\Alpha-Build\GAME1007_W01_LabB\Gun.h(2,10): fatal error C1083: Cannot open include file: 'SDL.h': No such file or directory
  Main.cpp
C:\Users\ASC\Desktop\Alpha-Build (3)\Alpha-Build\GAME1007_W01_LabB\Engine.h(2,10): fatal error C1083: Cannot open include file: 'SDL.h': No such file or directory
  Map.cpp
C:\Users\ASC\Desktop\Alpha-Build (3)\Alpha-Build\GAME1007_W01_LabB\Map.h(2,10): fatal error C1083: Cannot open include file: 'SDL.h': No such file or directory
  Player.cpp
C:\Users\ASC\Desktop\Alpha-Build (3)\Alpha-Build\GAME1007_W01_LabB\Player.h(2,10): fatal error C1083: Cannot open include file: 'SDL.h': No such file or directory
  TextureManager.cpp
C:\Users\ASC\Desktop\Alpha-Build (3)\Alpha-Build\GAME1007_W01_LabB\Engine.h(2,10): fatal error C1083: Cannot open include file: 'SDL.h': No such file or directory
  Timer.cpp
C:\Users\ASC\Desktop\Alpha-Build (3)\Alpha-Build\GAME1007_W01_LabB\Timer.h(2,10): fatal error C1083: Cannot open include file: 'SDL_ttf.h': No such file or directory
  Util.cpp
C:\Users\ASC\Desktop\Alpha-Build (3)\Alpha-Build\GAME1007_W01_LabB\Util.h(5,10): fatal error C1083: Cannot open include file: 'GLM/vec2.hpp': No such file or directory
  Generating Code...
