  Button.cpp
C:\Users\NEGAR\Desktop\Alpha\Alpha-Build\GAME1007_W01_LabB\Button.cpp(25,9): warning C4244: 'initializing': conversion from 'T' to 'int', possible loss of data
          with
          [
              T=float
          ]
C:\Users\NEGAR\Desktop\Alpha\Alpha-Build\GAME1007_W01_LabB\Button.cpp(26,9): warning C4244: 'initializing': conversion from 'T' to 'int', possible loss of data
          with
          [
              T=float
          ]
  Engine.cpp
C:\Users\NEGAR\Desktop\Alpha\Alpha-Build\GAME1007_W01_LabB\Engine.cpp(100,36): warning C4244: '=': conversion from 'Sint32' to 'T', possible loss of data
          with
          [
              T=float
          ]
C:\Users\NEGAR\Desktop\Alpha\Alpha-Build\GAME1007_W01_LabB\Engine.cpp(101,36): warning C4244: '=': conversion from 'Sint32' to 'T', possible loss of data
          with
          [
              T=float
          ]
  FSM.cpp
  Gun.cpp
C:\Users\NEGAR\Desktop\Alpha\Alpha-Build\GAME1007_W01_LabB\Gun.cpp(223,15): warning C4244: 'initializing': conversion from 'double' to 'float', possible loss of data
  Main.cpp
  Map.cpp
C:\Users\NEGAR\Desktop\Alpha\Alpha-Build\GAME1007_W01_LabB\Map.cpp(162,22): warning C4018: '<': signed/unsigned mismatch
  Player.cpp
C:\Users\NEGAR\Desktop\Alpha\Alpha-Build\GAME1007_W01_LabB\Player.cpp(97,26): warning C4244: 'argument': conversion from 'double' to 'int', possible loss of data
C:\Users\NEGAR\Desktop\Alpha\Alpha-Build\GAME1007_W01_LabB\Player.cpp(97,17): warning C4244: 'argument': conversion from 'double' to 'int', possible loss of data
C:\Users\NEGAR\Desktop\Alpha\Alpha-Build\GAME1007_W01_LabB\Player.cpp(182,28): warning C4244: 'argument': conversion from 'float' to 'int', possible loss of data
C:\Users\NEGAR\Desktop\Alpha\Alpha-Build\GAME1007_W01_LabB\Player.cpp(147,11): warning C4101: 'newDst': unreferenced local variable
C:\Users\NEGAR\Desktop\Alpha\Alpha-Build\GAME1007_W01_LabB\Player.cpp(146,11): warning C4101: 'tile': unreferenced local variable
  TextureManager.cpp
  Timer.cpp
  Util.cpp
C:\Users\NEGAR\Desktop\Alpha\Alpha-Build\GAME1007_W01_LabB\Util.cpp(228,15): warning C4244: '=': conversion from 'double' to 'T', possible loss of data
          with
          [
              T=float
          ]
C:\Users\NEGAR\Desktop\Alpha\Alpha-Build\GAME1007_W01_LabB\Util.cpp(229,15): warning C4244: '=': conversion from 'double' to 'T', possible loss of data
          with
          [
              T=float
          ]
C:\Users\NEGAR\Desktop\Alpha\Alpha-Build\GAME1007_W01_LabB\Util.cpp(245,16): warning C4244: '=': conversion from 'double' to 'float', possible loss of data
C:\Users\NEGAR\Desktop\Alpha\Alpha-Build\GAME1007_W01_LabB\Util.cpp(277,8): warning C4244: 'initializing': conversion from 'float' to 'int', possible loss of data
C:\Users\NEGAR\Desktop\Alpha\Alpha-Build\GAME1007_W01_LabB\Util.cpp(278,8): warning C4244: 'initializing': conversion from 'float' to 'int', possible loss of data
C:\Users\NEGAR\Desktop\Alpha\Alpha-Build\GAME1007_W01_LabB\Util.cpp(279,8): warning C4244: 'initializing': conversion from 'float' to 'int', possible loss of data
C:\Users\NEGAR\Desktop\Alpha\Alpha-Build\GAME1007_W01_LabB\Util.cpp(280,8): warning C4244: 'initializing': conversion from 'float' to 'int', possible loss of data
C:\Users\NEGAR\Desktop\Alpha\Alpha-Build\GAME1007_W01_LabB\Util.cpp(285,59): warning C4244: 'argument': conversion from 'T' to 'int', possible loss of data
          with
          [
              T=float
          ]
C:\Users\NEGAR\Desktop\Alpha\Alpha-Build\GAME1007_W01_LabB\Util.cpp(285,52): warning C4244: 'argument': conversion from 'T' to 'int', possible loss of data
          with
          [
              T=float
          ]
C:\Users\NEGAR\Desktop\Alpha\Alpha-Build\GAME1007_W01_LabB\Util.cpp(285,45): warning C4244: 'argument': conversion from 'T' to 'int', possible loss of data
          with
          [
              T=float
          ]
C:\Users\NEGAR\Desktop\Alpha\Alpha-Build\GAME1007_W01_LabB\Util.cpp(285,36): warning C4244: 'argument': conversion from 'T' to 'int', possible loss of data
          with
          [
              T=float
          ]
C:\Users\NEGAR\Desktop\Alpha\Alpha-Build\GAME1007_W01_LabB\Util.cpp(291,8): warning C4244: 'initializing': conversion from 'float' to 'int', possible loss of data
C:\Users\NEGAR\Desktop\Alpha\Alpha-Build\GAME1007_W01_LabB\Util.cpp(292,8): warning C4244: 'initializing': conversion from 'float' to 'int', possible loss of data
C:\Users\NEGAR\Desktop\Alpha\Alpha-Build\GAME1007_W01_LabB\Util.cpp(293,8): warning C4244: 'initializing': conversion from 'float' to 'int', possible loss of data
C:\Users\NEGAR\Desktop\Alpha\Alpha-Build\GAME1007_W01_LabB\Util.cpp(294,8): warning C4244: 'initializing': conversion from 'float' to 'int', possible loss of data
C:\Users\NEGAR\Desktop\Alpha\Alpha-Build\GAME1007_W01_LabB\Util.cpp(297,24): warning C4244: '=': conversion from 'T' to 'int', possible loss of data
          with
          [
              T=float
          ]
C:\Users\NEGAR\Desktop\Alpha\Alpha-Build\GAME1007_W01_LabB\Util.cpp(298,24): warning C4244: '=': conversion from 'T' to 'int', possible loss of data
          with
          [
              T=float
          ]
C:\Users\NEGAR\Desktop\Alpha\Alpha-Build\GAME1007_W01_LabB\Util.cpp(395,16): warning C4244: 'initializing': conversion from 'float' to 'int', possible loss of data
C:\Users\NEGAR\Desktop\Alpha\Alpha-Build\GAME1007_W01_LabB\Util.cpp(396,17): warning C4244: 'initializing': conversion from 'float' to 'int', possible loss of data
C:\Users\NEGAR\Desktop\Alpha\Alpha-Build\GAME1007_W01_LabB\Util.cpp(401,23): warning C4244: '=': conversion from 'float' to 'int', possible loss of data
C:\Users\NEGAR\Desktop\Alpha\Alpha-Build\GAME1007_W01_LabB\Util.cpp(411,22): warning C4244: '=': conversion from 'float' to 'int', possible loss of data
C:\Users\NEGAR\Desktop\Alpha\Alpha-Build\GAME1007_W01_LabB\Util.cpp(420,19): warning C4244: '=': conversion from 'float' to 'int', possible loss of data
  Generating Code...
  LINK : C:\Users\NEGAR\Desktop\Alpha\Alpha-Build\Debug\CowboyCadet_FirstPlayable.exe not found or not built by the last incremental link; performing full link
  GAME1007_W01_LabB.vcxproj -> C:\Users\NEGAR\Desktop\Alpha\Alpha-Build\Debug\CowboyCadet_FirstPlayable.exe
